In constructor of Main. 
Graphical Analysis button clicked. 
Getting RGB values from image sonia_delaunay.jpg. 
In constructor of Main. 
Graphical Analysis button clicked. 
Getting RGB values from image sonia_delaunay.jpg. 
In constructor of Main. 
Graphical Analysis button clicked. 
Getting RGB values from image sonia_delaunay.jpg. 
In constructor of Main. 
Graphical Analysis button clicked. 
Getting RGB values from image sonia_delaunay.jpg. 
In constructor of Main. 
Graphical Analysis button clicked. 
Getting RGB values from image sonia_delaunay.jpg. 
In constructor of Main. 
Graphical Analysis button clicked. 
Getting RGB values from image sonia_delaunay.jpg. 
In constructor of Main. 
Graphical Analysis button clicked. 
Getting RGB values from image sonia_delaunay.jpg. 
In constructor of Main. 
Graphical Analysis button clicked. 
Getting RGB values from image sonia_delaunay.jpg. 
In constructor of Main. 
Graphical Analysis button clicked. 
Getting RGB values from image bruegel.jpg. 
In constructor of Main. 
Graphical Analysis button clicked. 
Getting RGB values from image picasso.jpg. 
In constructor of Main. 
Graphical Analysis button clicked. 
Getting RGB values from image sonia_delaunay.jpg. 
In constructor of Main. 
Graphical Analysis button clicked. 
Getting RGB values from image bruegel.jpg. 
In constructor of Main. 
Graphical Analysis button clicked. 
Getting RGB values from image expressionisme.jpg. 
In constructor of Main. 
Graphical Analysis button clicked. 
Getting RGB values from image sonia_delaunay.jpg. 
In constructor of Main. 
Graphical Analysis button clicked. 
Getting RGB values from image sonia_delaunay.jpg. 
In constructor of Main. 
Graphical Analysis button clicked. 
Getting RGB values from image sonia_delaunay.jpg. 
In constructor of Main. 
Graphical Analysis button clicked. 
Getting RGB values from image sonia_delaunay.jpg. 
In constructor of Main. 
Graphical Analysis button clicked. 
Getting RGB values from image sonia_delaunay.jpg. 
